12733550162145124
2249585633907797
41183329185554152
6829708935585730
16973010732947893
36105142882550409
36857220836847300
28365792189397456
9635435086801282
16042224303105416
18769849485043178
73604561474527652
29915465811127156
53969819205167665
3313254068271109
8737659490458865
7647716308310413
34064418498623045
2231192847667613
8878699555114685
6573496300876328
6808189930938565
30695580943029044
6312874857115268
1196698826874440
26813376797446994
12873369928295332
245538244336050
20533439312014525
23999175455752045
6642385300963250
600703246224850
4296154291760425
23503962539074756
15017861535629192
24684683605401845
4952843858572096
319474798799949
2860470539532724
15605431264403072
23224258134683786
11517980878713049
9846325188445594
15472159876515784
10518798889670282
13199782878110989
5107982187077010
11914035228486673
8524757692559237
12004586933255090
2112878189702789
18337093291048912
6332240878759193
3007927265020808
11099516406623658
4765960353317005
56569255124260
32171594973343625
11650183367772116
2383990227697493
8524615773937393
45292085916837658
783608385479188
23585682571189010
6097071602846682
15152835346059349
6849871712312477
21052640166950521
20449960455219880
13499766727654465
147953537590410
3961591828833850
4433760327174938
37478177732778920
1249845381022925
35500806774931973
1827374267034082
22342997624439034
8379650216865680
1972334361567850
30308883681152025
1259999356753184
2073048034524433
8207734099439890
14712750284393125
10682972302863557
6754549005421605
4982733226092245
16143645560970625
1052376308195060
162578978346861
62315072164774402
1783723983206426
43801563492933608
19053686977672205
371420783272301
3437719255159253
18445254794247577
22895431218311706
6274645432299701
